0:1:2:3:4:0x0:0:0:LDI R1 1
1:2:3:4:5:0x4:0:1:LDI R2 0
2:3:4:5:6:0x8:0:2:LDI R3 10
3:4:5:6:7:0xc:0:3:LDI R4 10
4:5:6:7:12:0x10:0:4:ST R2 R2
5:6:11:13:18:0x14:0:5:ST R2 R4
6:12:17:18:19:0x18:0:6:ADD R2 R2 R1
12:17:18:19:20:0x1c:0:7:ADD R4 R4 R1
17:18:19:20:21:0x20:0:8:BNQ R2 R3 -16
18:19:0:0:0:0x24:0:9:LDI R2 0
19:0:0:0:0:0x28:0:10:LDI R4 10
20:21:22:23:28:0x10:0:11:ST R2 R2
21:22:27:29:34:0x14:0:12:ST R2 R4
22:28:33:34:35:0x18:0:13:ADD R2 R2 R1
28:33:34:35:36:0x1c:0:14:ADD R4 R4 R1
33:34:35:36:37:0x20:0:15:BNQ R2 R3 -16
34:35:36:37:42:0x10:0:16:ST R2 R2
35:36:41:43:48:0x14:0:17:ST R2 R4
36:42:47:48:49:0x18:0:18:ADD R2 R2 R1
42:47:48:49:50:0x1c:0:19:ADD R4 R4 R1
47:48:49:50:51:0x20:0:20:BNQ R2 R3 -16
48:49:50:51:56:0x10:0:21:ST R2 R2
49:50:55:57:62:0x14:0:22:ST R2 R4
50:56:61:62:63:0x18:0:23:ADD R2 R2 R1
56:61:62:63:64:0x1c:0:24:ADD R4 R4 R1
61:62:63:64:65:0x20:0:25:BNQ R2 R3 -16
62:63:64:65:70:0x10:0:26:ST R2 R2
63:64:69:71:76:0x14:0:27:ST R2 R4
64:70:75:76:77:0x18:0:28:ADD R2 R2 R1
70:75:76:77:78:0x1c:0:29:ADD R4 R4 R1
75:76:77:78:79:0x20:0:30:BNQ R2 R3 -16
76:77:78:79:84:0x10:0:31:ST R2 R2
77:78:83:85:90:0x14:0:32:ST R2 R4
78:84:89:90:91:0x18:0:33:ADD R2 R2 R1
84:89:90:91:92:0x1c:0:34:ADD R4 R4 R1
89:90:91:92:93:0x20:0:35:BNQ R2 R3 -16
90:91:92:93:98:0x10:0:36:ST R2 R2
91:92:97:99:104:0x14:0:37:ST R2 R4
92:98:103:104:105:0x18:0:38:ADD R2 R2 R1
98:103:104:105:106:0x1c:0:39:ADD R4 R4 R1
103:104:105:106:107:0x20:0:40:BNQ R2 R3 -16
104:105:106:107:112:0x10:0:41:ST R2 R2
105:106:111:113:118:0x14:0:42:ST R2 R4
106:112:117:118:119:0x18:0:43:ADD R2 R2 R1
112:117:118:119:120:0x1c:0:44:ADD R4 R4 R1
117:118:119:120:121:0x20:0:45:BNQ R2 R3 -16
118:119:120:121:126:0x10:0:46:ST R2 R2
119:120:125:127:132:0x14:0:47:ST R2 R4
120:126:131:132:133:0x18:0:48:ADD R2 R2 R1
126:131:132:133:134:0x1c:0:49:ADD R4 R4 R1
131:132:133:134:135:0x20:0:50:BNQ R2 R3 -16
132:133:134:135:140:0x10:0:51:ST R2 R2
133:134:139:141:146:0x14:0:52:ST R2 R4
134:140:145:146:147:0x18:0:53:ADD R2 R2 R1
140:145:146:147:148:0x1c:0:54:ADD R4 R4 R1
145:146:147:148:149:0x20:0:55:BNQ R2 R3 -16
146:147:148:149:154:0x10:0:56:ST R2 R2
147:148:153:155:160:0x14:0:57:ST R2 R4
148:154:159:160:161:0x24:0:58:LDI R2 0
154:159:160:161:162:0x28:0:59:LDI R4 10
159:160:161:162:163:0x2c:0:60:LDI R6 20
160:161:162:163:168:0x30:0:61:LD R7 R2
161:162:167:168:173:0x34:0:62:LD R8 R4
162:167:172:174:175:0x38:0:63:ADD R9 R7 R8
167:173:174:176:181:0x3c:0:64:ST R9 R6
173:175:180:181:182:0x40:0:65:ADD R2 R2 R1
175:180:181:182:183:0x44:0:66:ADD R4 R4 R1
180:181:182:183:184:0x48:0:67:ADD R6 R6 R1
181:182:183:184:185:0x4c:0:68:BNQ R2 R3 -28
182:183:0:0:0:0x50:0:69:HLT
184:185:186:187:192:0x30:0:70:LD R7 R2
185:186:191:192:197:0x34:0:71:LD R8 R4
186:191:196:198:199:0x38:0:72:ADD R9 R7 R8
191:197:198:200:205:0x3c:0:73:ST R9 R6
197:199:204:205:206:0x40:0:74:ADD R2 R2 R1
199:204:205:206:207:0x44:0:75:ADD R4 R4 R1
204:205:206:207:208:0x48:0:76:ADD R6 R6 R1
205:206:207:208:209:0x4c:0:77:BNQ R2 R3 -28
206:207:208:209:214:0x30:0:78:LD R7 R2
207:208:213:214:219:0x34:0:79:LD R8 R4
208:213:218:220:221:0x38:0:80:ADD R9 R7 R8
213:219:220:222:227:0x3c:0:81:ST R9 R6
219:221:226:227:228:0x40:0:82:ADD R2 R2 R1
221:226:227:228:229:0x44:0:83:ADD R4 R4 R1
226:227:228:229:230:0x48:0:84:ADD R6 R6 R1
227:228:229:230:231:0x4c:0:85:BNQ R2 R3 -28
228:229:230:231:236:0x30:0:86:LD R7 R2
229:230:235:236:241:0x34:0:87:LD R8 R4
230:235:240:242:243:0x38:0:88:ADD R9 R7 R8
235:241:242:244:249:0x3c:0:89:ST R9 R6
241:243:248:249:250:0x40:0:90:ADD R2 R2 R1
243:248:249:250:251:0x44:0:91:ADD R4 R4 R1
248:249:250:251:252:0x48:0:92:ADD R6 R6 R1
249:250:251:252:253:0x4c:0:93:BNQ R2 R3 -28
250:251:252:253:258:0x30:0:94:LD R7 R2
251:252:257:258:263:0x34:0:95:LD R8 R4
252:257:262:264:265:0x38:0:96:ADD R9 R7 R8
257:263:264:266:271:0x3c:0:97:ST R9 R6
263:265:270:271:272:0x40:0:98:ADD R2 R2 R1
265:270:271:272:273:0x44:0:99:ADD R4 R4 R1
270:271:272:273:274:0x48:0:100:ADD R6 R6 R1
271:272:273:274:275:0x4c:0:101:BNQ R2 R3 -28
272:273:274:275:280:0x30:0:102:LD R7 R2
273:274:279:280:285:0x34:0:103:LD R8 R4
274:279:284:286:287:0x38:0:104:ADD R9 R7 R8
279:285:286:288:293:0x3c:0:105:ST R9 R6
285:287:292:293:294:0x40:0:106:ADD R2 R2 R1
287:292:293:294:295:0x44:0:107:ADD R4 R4 R1
292:293:294:295:296:0x48:0:108:ADD R6 R6 R1
293:294:295:296:297:0x4c:0:109:BNQ R2 R3 -28
294:295:296:297:302:0x30:0:110:LD R7 R2
295:296:301:302:307:0x34:0:111:LD R8 R4
296:301:306:308:309:0x38:0:112:ADD R9 R7 R8
301:307:308:310:315:0x3c:0:113:ST R9 R6
307:309:314:315:316:0x40:0:114:ADD R2 R2 R1
309:314:315:316:317:0x44:0:115:ADD R4 R4 R1
314:315:316:317:318:0x48:0:116:ADD R6 R6 R1
315:316:317:318:319:0x4c:0:117:BNQ R2 R3 -28
316:317:318:319:324:0x30:0:118:LD R7 R2
317:318:323:324:329:0x34:0:119:LD R8 R4
318:323:328:330:331:0x38:0:120:ADD R9 R7 R8
323:329:330:332:337:0x3c:0:121:ST R9 R6
329:331:336:337:338:0x40:0:122:ADD R2 R2 R1
331:336:337:338:339:0x44:0:123:ADD R4 R4 R1
336:337:338:339:340:0x48:0:124:ADD R6 R6 R1
337:338:339:340:341:0x4c:0:125:BNQ R2 R3 -28
338:339:340:341:346:0x30:0:126:LD R7 R2
339:340:345:346:351:0x34:0:127:LD R8 R4
340:345:350:352:353:0x38:0:128:ADD R9 R7 R8
345:351:352:354:359:0x3c:0:129:ST R9 R6
351:353:358:359:360:0x40:0:130:ADD R2 R2 R1
353:358:359:360:361:0x44:0:131:ADD R4 R4 R1
358:359:360:361:362:0x48:0:132:ADD R6 R6 R1
359:360:361:362:363:0x4c:0:133:BNQ R2 R3 -28
360:361:362:363:368:0x30:0:134:LD R7 R2
361:362:367:368:373:0x34:0:135:LD R8 R4
362:367:372:374:375:0x38:0:136:ADD R9 R7 R8
367:373:374:376:381:0x3c:0:137:ST R9 R6
373:375:380:381:382:0x40:0:138:ADD R2 R2 R1
375:380:381:382:383:0x44:0:139:ADD R4 R4 R1
380:381:382:383:384:0x48:0:140:ADD R6 R6 R1
381:382:383:384:385:0x4c:0:141:BNQ R2 R3 -28
382:383:384:385:390:0x30:0:142:LD R7 R2
383:384:389:390:395:0x34:0:143:LD R8 R4
384:389:394:395:396:0x50:0:144:HLT
